#-----------------------------------------------------------
# Vivado v2018.3 (64-bit)
# SW Build 2405991 on Thu Dec  6 23:38:27 MST 2018
# IP Build 2404404 on Fri Dec  7 01:43:56 MST 2018
# Start of session at: Sun Jan 16 18:34:28 2022
# Process ID: 5356
# Current directory: C:/Users/Usuario/Desktop/PracticasSEA_v5/PLC_JM/PLC
# Command line: vivado.exe -gui_launcher_event rodinguilauncherevent11416 C:\Users\Usuario\Desktop\PracticasSEA_v5\PLC_JM\PLC\PLC.xpr
# Log file: C:/Users/Usuario/Desktop/PracticasSEA_v5/PLC_JM/PLC/vivado.log
# Journal file: C:/Users/Usuario/Desktop/PracticasSEA_v5/PLC_JM/PLC\vivado.jou
#-----------------------------------------------------------
start_gui
open_project C:/Users/Usuario/Desktop/PracticasSEA_v5/PLC_JM/PLC/PLC.xpr
Scanning sources...
Finished scanning sources
INFO: [IP_Flow 19-234] Refreshing IP repositories
INFO: [IP_Flow 19-1704] No user IP repositories specified
INFO: [IP_Flow 19-2313] Loaded Vivado IP repository 'C:/Xilinx/Vivado/2018.3/data/ip'.
open_project: Time (s): cpu = 00:00:21 ; elapsed = 00:00:09 . Memory (MB): peak = 669.938 ; gain = 45.383
update_compile_order -fileset sources_1
exit
INFO: [Common 17-206] Exiting Vivado at Sun Jan 16 19:15:21 2022...
